This file contains any messages produced by compilers while
running configure, to aid debugging if configure makes a mistake.

It was created by hello configure 1.0.0, which was
generated by GNU Autoconf 2.69.  Invocation command line was

  $ ./configure 

## --------- ##
## Platform. ##
## --------- ##

hostname = ljxs-iMac.local
uname -m = x86_64
uname -r = 19.3.0
uname -s = Darwin
uname -v = Darwin Kernel Version 19.3.0: Thu Jan  9 20:58:23 PST 2020; root:xnu-6153.81.5~1/RELEASE_X86_64

/usr/bin/uname -p = i386
/bin/uname -X     = unknown

/bin/arch              = unknown
/usr/bin/arch -k       = unknown
/usr/convex/getsysinfo = unknown
/usr/bin/hostinfo      = Mach kernel version:
	 Darwin Kernel Version 19.3.0: Thu Jan  9 20:58:23 PST 2020; root:xnu-6153.81.5~1/RELEASE_X86_64
Kernel configured for up to 12 processors.
6 processors are physically available.
12 processors are logically available.
Processor type: x86_64h (Intel x86-64h Haswell)
Processors active: 0 1 2 3 4 5 6 7 8 9 10 11
Primary memory available: 16.00 gigabytes
Default processor set: 361 tasks, 1361 threads, 12 processors
Load average: 1.32, Mach factor: 10.67
/bin/machine           = unknown
/usr/bin/oslevel       = unknown
/bin/universe          = unknown

PATH: /usr/local/bin
PATH: /usr/bin
PATH: /bin
PATH: /usr/sbin
PATH: /sbin
PATH: /Library/Apple/usr/bin


## ----------- ##
## Core tests. ##
## ----------- ##

configure:2076: checking for a BSD-compatible install
configure:2144: result: /usr/bin/install -c
configure:2155: checking whether build environment is sane
configure:2210: result: yes
configure:2361: checking for a thread-safe mkdir -p
configure:2400: result: ./install-sh -c -d
configure:2407: checking for gawk
configure:2437: result: no
configure:2407: checking for mawk
configure:2437: result: no
configure:2407: checking for nawk
configure:2437: result: no
configure:2407: checking for awk
configure:2423: found /usr/bin/awk
configure:2434: result: awk
configure:2445: checking whether make sets $(MAKE)
configure:2467: result: yes
configure:2496: checking whether make supports nested variables
configure:2513: result: yes
configure:2683: checking for ranlib
configure:2699: found /usr/bin/ranlib
configure:2710: result: ranlib
configure:2785: checking for gcc
configure:2801: found /usr/bin/gcc
configure:2812: result: gcc
configure:3041: checking for C compiler version
configure:3050: gcc --version >&5
Apple clang version 11.0.3 (clang-1103.0.32.62)
Target: x86_64-apple-darwin19.3.0
Thread model: posix
InstalledDir: /Applications/Xcode.app/Contents/Developer/Toolchains/XcodeDefault.xctoolchain/usr/bin
Configured with: --prefix=/Applications/Xcode.app/Contents/Developer/usr --with-gxx-include-dir=/Applications/Xcode.app/Contents/Developer/Platforms/MacOSX.platform/Developer/SDKs/MacOSX.sdk/usr/include/c++/4.2.1
configure:3061: $? = 0
configure:3050: gcc -v >&5
Configured with: --prefix=/Applications/Xcode.app/Contents/Developer/usr --with-gxx-include-dir=/Applications/Xcode.app/Contents/Developer/Platforms/MacOSX.platform/Developer/SDKs/MacOSX.sdk/usr/include/c++/4.2.1
Apple clang version 11.0.3 (clang-1103.0.32.62)
Target: x86_64-apple-darwin19.3.0
Thread model: posix
InstalledDir: /Applications/Xcode.app/Contents/Developer/Toolchains/XcodeDefault.xctoolchain/usr/bin
configure:3061: $? = 0
configure:3050: gcc -V >&5
clang: error: unsupported option '-V -Wno-objc-signed-char-bool-implicit-int-conversion'
clang: error: no input files
configure:3061: $? = 1
configure:3050: gcc -qversion >&5
clang: error: unknown argument '-qversion'; did you mean '--version'?
clang: error: no input files
configure:3061: $? = 1
configure:3081: checking whether the C compiler works
configure:3103: gcc    conftest.c  >&5
configure:3107: $? = 0
configure:3155: result: yes
configure:3158: checking for C compiler default output file name
configure:3160: result: a.out
configure:3166: checking for suffix of executables
configure:3173: gcc -o conftest    conftest.c  >&5
configure:3177: $? = 0
configure:3199: result: 
configure:3221: checking whether we are cross compiling
configure:3229: gcc -o conftest    conftest.c  >&5
configure:3233: $? = 0
configure:3240: ./conftest
configure:3244: $? = 0
configure:3259: result: no
configure:3264: checking for suffix of object files
configure:3286: gcc -c   conftest.c >&5
configure:3290: $? = 0
configure:3311: result: o
configure:3315: checking whether we are using the GNU C compiler
configure:3334: gcc -c   conftest.c >&5
configure:3334: $? = 0
configure:3343: result: yes
configure:3352: checking whether gcc accepts -g
configure:3372: gcc -c -g  conftest.c >&5
configure:3372: $? = 0
configure:3413: result: yes
configure:3430: checking for gcc option to accept ISO C89
configure:3493: gcc  -c -g -O2  conftest.c >&5
configure:3493: $? = 0
configure:3506: result: none needed
configure:3531: checking whether gcc understands -c and -o together
configure:3553: gcc -c conftest.c -o conftest2.o
configure:3556: $? = 0
configure:3553: gcc -c conftest.c -o conftest2.o
configure:3556: $? = 0
configure:3568: result: yes
configure:3588: checking whether make supports the include directive
configure:3603: make -f confmf.GNU && cat confinc.out
this is the am__doit target
configure:3606: $? = 0
configure:3625: result: yes (GNU style)
configure:3650: checking dependency style of gcc
configure:3761: result: gcc3
configure:3786: checking how to run the C preprocessor
configure:3817: gcc -E  conftest.c
configure:3817: $? = 0
configure:3831: gcc -E  conftest.c
conftest.c:11:10: fatal error: 'ac_nonexistent.h' file not found
#include <ac_nonexistent.h>
         ^~~~~~~~~~~~~~~~~~
1 error generated.
configure:3831: $? = 1
configure: failed program was:
| /* confdefs.h */
| #define PACKAGE_NAME "hello"
| #define PACKAGE_TARNAME "hello"
| #define PACKAGE_VERSION "1.0.0"
| #define PACKAGE_STRING "hello 1.0.0"
| #define PACKAGE_BUGREPORT "liaojia138797@163.com"
| #define PACKAGE_URL ""
| #define PACKAGE "hello"
| #define VERSION "1.0.0"
| /* end confdefs.h.  */
| #include <ac_nonexistent.h>
configure:3856: result: gcc -E
configure:3876: gcc -E  conftest.c
configure:3876: $? = 0
configure:3890: gcc -E  conftest.c
conftest.c:11:10: fatal error: 'ac_nonexistent.h' file not found
#include <ac_nonexistent.h>
         ^~~~~~~~~~~~~~~~~~
1 error generated.
configure:3890: $? = 1
configure: failed program was:
| /* confdefs.h */
| #define PACKAGE_NAME "hello"
| #define PACKAGE_TARNAME "hello"
| #define PACKAGE_VERSION "1.0.0"
| #define PACKAGE_STRING "hello 1.0.0"
| #define PACKAGE_BUGREPORT "liaojia138797@163.com"
| #define PACKAGE_URL ""
| #define PACKAGE "hello"
| #define VERSION "1.0.0"
| /* end confdefs.h.  */
| #include <ac_nonexistent.h>
configure:3919: checking for grep that handles long lines and -e
configure:3977: result: /usr/bin/grep
configure:3982: checking for egrep
configure:4044: result: /usr/bin/grep -E
configure:4049: checking for ANSI C header files
configure:4069: gcc -c -g -O2  conftest.c >&5
configure:4069: $? = 0
configure:4142: gcc -o conftest -g -O2   conftest.c  >&5
configure:4142: $? = 0
configure:4142: ./conftest
configure:4142: $? = 0
configure:4153: result: yes
configure:4166: checking for sys/types.h
configure:4166: gcc -c -g -O2  conftest.c >&5
configure:4166: $? = 0
configure:4166: result: yes
configure:4166: checking for sys/stat.h
configure:4166: gcc -c -g -O2  conftest.c >&5
configure:4166: $? = 0
configure:4166: result: yes
configure:4166: checking for stdlib.h
configure:4166: gcc -c -g -O2  conftest.c >&5
configure:4166: $? = 0
configure:4166: result: yes
configure:4166: checking for string.h
configure:4166: gcc -c -g -O2  conftest.c >&5
configure:4166: $? = 0
configure:4166: result: yes
configure:4166: checking for memory.h
configure:4166: gcc -c -g -O2  conftest.c >&5
configure:4166: $? = 0
configure:4166: result: yes
configure:4166: checking for strings.h
configure:4166: gcc -c -g -O2  conftest.c >&5
configure:4166: $? = 0
configure:4166: result: yes
configure:4166: checking for inttypes.h
configure:4166: gcc -c -g -O2  conftest.c >&5
configure:4166: $? = 0
configure:4166: result: yes
configure:4166: checking for stdint.h
configure:4166: gcc -c -g -O2  conftest.c >&5
configure:4166: $? = 0
configure:4166: result: yes
configure:4166: checking for unistd.h
configure:4166: gcc -c -g -O2  conftest.c >&5
configure:4166: $? = 0
configure:4166: result: yes
configure:4181: checking for stdlib.h
configure:4181: result: yes
configure:4181: checking for unistd.h
configure:4181: result: yes
configure:4307: checking that generated files are newer than configure
configure:4313: result: done
configure:4336: creating ./config.status

## ---------------------- ##
## Running config.status. ##
## ---------------------- ##

This file was extended by hello config.status 1.0.0, which was
generated by GNU Autoconf 2.69.  Invocation command line was

  CONFIG_FILES    = 
  CONFIG_HEADERS  = 
  CONFIG_LINKS    = 
  CONFIG_COMMANDS = 
  $ ./config.status 

on ljxs-iMac.local

config.status:856: creating Makefile
config.status:856: creating src/Makefile
config.status:856: creating config.h
config.status:1085: executing depfiles commands
config.status:1162: cd .       && sed -e '/# am--include-marker/d' Makefile         | make -f - am--depfiles
make: Nothing to be done for `am--depfiles'.
config.status:1167: $? = 0
config.status:1162: cd src       && sed -e '/# am--include-marker/d' Makefile         | make -f - am--depfiles
config.status:1167: $? = 0

## ---------------- ##
## Cache variables. ##
## ---------------- ##

ac_cv_c_compiler_gnu=yes
ac_cv_env_CC_set=
ac_cv_env_CC_value=
ac_cv_env_CFLAGS_set=
ac_cv_env_CFLAGS_value=
ac_cv_env_CPPFLAGS_set=
ac_cv_env_CPPFLAGS_value=
ac_cv_env_CPP_set=
ac_cv_env_CPP_value=
ac_cv_env_LDFLAGS_set=
ac_cv_env_LDFLAGS_value=
ac_cv_env_LIBS_set=
ac_cv_env_LIBS_value=
ac_cv_env_build_alias_set=
ac_cv_env_build_alias_value=
ac_cv_env_host_alias_set=
ac_cv_env_host_alias_value=
ac_cv_env_target_alias_set=
ac_cv_env_target_alias_value=
ac_cv_header_inttypes_h=yes
ac_cv_header_memory_h=yes
ac_cv_header_stdc=yes
ac_cv_header_stdint_h=yes
ac_cv_header_stdlib_h=yes
ac_cv_header_string_h=yes
ac_cv_header_strings_h=yes
ac_cv_header_sys_stat_h=yes
ac_cv_header_sys_types_h=yes
ac_cv_header_unistd_h=yes
ac_cv_objext=o
ac_cv_path_EGREP='/usr/bin/grep -E'
ac_cv_path_GREP=/usr/bin/grep
ac_cv_path_install='/usr/bin/install -c'
ac_cv_prog_AWK=awk
ac_cv_prog_CPP='gcc -E'
ac_cv_prog_ac_ct_CC=gcc
ac_cv_prog_ac_ct_RANLIB=ranlib
ac_cv_prog_cc_c89=
ac_cv_prog_cc_g=yes
ac_cv_prog_make_make_set=yes
am_cv_CC_dependencies_compiler_type=gcc3
am_cv_make_support_nested_variables=yes
am_cv_prog_cc_c_o=yes

## ----------------- ##
## Output variables. ##
## ----------------- ##

ACLOCAL='${SHELL} /Users/ljx/Basic/hello/missing aclocal-1.16'
AMDEPBACKSLASH='\'
AMDEP_FALSE='#'
AMDEP_TRUE=''
AMTAR='$${TAR-tar}'
AM_BACKSLASH='\'
AM_DEFAULT_V='$(AM_DEFAULT_VERBOSITY)'
AM_DEFAULT_VERBOSITY='1'
AM_V='$(V)'
AUTOCONF='${SHELL} /Users/ljx/Basic/hello/missing autoconf'
AUTOHEADER='${SHELL} /Users/ljx/Basic/hello/missing autoheader'
AUTOMAKE='${SHELL} /Users/ljx/Basic/hello/missing automake-1.16'
AWK='awk'
CC='gcc'
CCDEPMODE='depmode=gcc3'
CFLAGS='-g -O2'
CPP='gcc -E'
CPPFLAGS=''
CYGPATH_W='echo'
DEFS='-DHAVE_CONFIG_H'
DEPDIR='.deps'
ECHO_C='\c'
ECHO_N=''
ECHO_T=''
EGREP='/usr/bin/grep -E'
EXEEXT=''
GREP='/usr/bin/grep'
INSTALL_DATA='${INSTALL} -m 644'
INSTALL_PROGRAM='${INSTALL}'
INSTALL_SCRIPT='${INSTALL}'
INSTALL_STRIP_PROGRAM='$(install_sh) -c -s'
LDFLAGS=''
LIBOBJS=''
LIBS=''
LTLIBOBJS=''
MAKEINFO='${SHELL} /Users/ljx/Basic/hello/missing makeinfo'
MKDIR_P='./install-sh -c -d'
OBJEXT='o'
PACKAGE='hello'
PACKAGE_BUGREPORT='liaojia138797@163.com'
PACKAGE_NAME='hello'
PACKAGE_STRING='hello 1.0.0'
PACKAGE_TARNAME='hello'
PACKAGE_URL=''
PACKAGE_VERSION='1.0.0'
PATH_SEPARATOR=':'
RANLIB='ranlib'
SET_MAKE=''
SHELL='/bin/sh'
STRIP=''
VERSION='1.0.0'
ac_ct_CC='gcc'
am__EXEEXT_FALSE=''
am__EXEEXT_TRUE='#'
am__fastdepCC_FALSE='#'
am__fastdepCC_TRUE=''
am__include='include'
am__isrc=''
am__leading_dot='.'
am__nodep='_no'
am__quote=''
am__tar='$${TAR-tar} chof - "$$tardir"'
am__untar='$${TAR-tar} xf -'
bindir='${exec_prefix}/bin'
build_alias=''
datadir='${datarootdir}'
datarootdir='${prefix}/share'
docdir='${datarootdir}/doc/${PACKAGE_TARNAME}'
dvidir='${docdir}'
exec_prefix='${prefix}'
host_alias=''
htmldir='${docdir}'
includedir='${prefix}/include'
infodir='${datarootdir}/info'
install_sh='${SHELL} /Users/ljx/Basic/hello/install-sh'
libdir='${exec_prefix}/lib'
libexecdir='${exec_prefix}/libexec'
localedir='${datarootdir}/locale'
localstatedir='${prefix}/var'
mandir='${datarootdir}/man'
mkdir_p='$(MKDIR_P)'
oldincludedir='/usr/include'
pdfdir='${docdir}'
prefix='/usr/local'
program_transform_name='s,x,x,'
psdir='${docdir}'
sbindir='${exec_prefix}/sbin'
sharedstatedir='${prefix}/com'
sysconfdir='${prefix}/etc'
target_alias=''

## ----------- ##
## confdefs.h. ##
## ----------- ##

/* confdefs.h */
#define PACKAGE_NAME "hello"
#define PACKAGE_TARNAME "hello"
#define PACKAGE_VERSION "1.0.0"
#define PACKAGE_STRING "hello 1.0.0"
#define PACKAGE_BUGREPORT "liaojia138797@163.com"
#define PACKAGE_URL ""
#define PACKAGE "hello"
#define VERSION "1.0.0"
#define STDC_HEADERS 1
#define HAVE_SYS_TYPES_H 1
#define HAVE_SYS_STAT_H 1
#define HAVE_STDLIB_H 1
#define HAVE_STRING_H 1
#define HAVE_MEMORY_H 1
#define HAVE_STRINGS_H 1
#define HAVE_INTTYPES_H 1
#define HAVE_STDINT_H 1
#define HAVE_UNISTD_H 1
#define HAVE_STDLIB_H 1
#define HAVE_UNISTD_H 1

configure: exit 0
